#
# There is insufficient memory for the Java Runtime Environment to continue.
# Native memory allocation (mmap) failed to map 132120576 bytes for G1 virtual space
# Possible reasons:
#   The system is out of physical RAM or swap space
#   The process is running with CompressedOops enabled, and the Java Heap may be blocking the growth of the native heap
# Possible solutions:
#   Reduce memory load on the system
#   Increase physical memory or swap space
#   Check if swap backing store is full
#   Decrease Java heap size (-Xmx/-Xms)
#   Decrease number of Java threads
#   Decrease Java thread stack sizes (-Xss)
#   Set larger code cache with -XX:ReservedCodeCacheSize=
#   JVM is running with Unscaled Compressed Oops mode in which the Java heap is
#     placed in the first 4GB address space. The Java Heap base address is the
#     maximum limit for the native heap growth. Please use -XX:HeapBaseMinAddress
#     to set the Java Heap base and to place the Java Heap above 4GB virtual address.
# This output file may be truncated or incomplete.
#
#  Out of Memory Error (os_windows.cpp:3530), pid=27988, tid=31192
#
# JRE version:  (18.0.1.1+2) (build )
# Java VM: Java HotSpot(TM) 64-Bit Server VM (18.0.1.1+2-6, mixed mode, sharing, tiered, compressed oops, compressed class ptrs, g1 gc, windows-amd64)
# No core dump will be written. Minidumps are not enabled by default on client versions of Windows
#

---------------  S U M M A R Y ------------

Command Line: -Dfile.encoding=UTF-8 -XX:+ShowCodeDetailsInExceptionMessages ElectricityBillingSystem.billDetails

Host: Intel(R) Core(TM) i5-10210U CPU @ 1.60GHz, 8 cores, 7G,  Windows 11 , 64 bit Build 22621 (10.0.22621.1778)
Time: Thu Jul  6 18:45:30 2023 India Standard Time elapsed time: 0.010671 seconds (0d 0h 0m 0s)

---------------  T H R E A D  ---------------

Current thread (0x0000026a9cb6d200):  JavaThread "Unknown thread" [_thread_in_vm, id=31192, stack(0x0000007615100000,0x0000007615200000)]

Stack: [0x0000007615100000,0x0000007615200000]
Native frames: (J=compiled Java code, j=interpreted, Vv=VM code, C=native code)
V  [jvm.dll+0x69887a]
V  [jvm.dll+0x7f38bd]
V  [jvm.dll+0x7f51ce]
V  [jvm.dll+0x7f5883]
V  [jvm.dll+0x25ca3f]
V  [jvm.dll+0x6957c9]
V  [jvm.dll+0x68a2fa]
V  [jvm.dll+0x321efb]
V  [jvm.dll+0x3298d6]
V  [jvm.dll+0x37e47e]
V  [jvm.dll+0x37e6af]
V  [jvm.dll+0x2f9c7a]
V  [jvm.dll+0x2facdd]
V  [jvm.dll+0x7c24f0]
V  [jvm.dll+0x38b801]
V  [jvm.dll+0x7a1203]
V  [jvm.dll+0x40d6bf]
V  [jvm.dll+0x40f091]
C  [jli.dll+0x526b]
C  [ucrtbase.dll+0x29363]
C  [KERNEL32.DLL+0x126ad]
C  [ntdll.dll+0x5a9f8]


---------------  P R O C E S S  ---------------

Threads class SMR info:
_java_thread_list=0x00007ffc85e8d550, length=0, elements={
}

Java Threads: ( => current thread )

Other Threads:
  0x0000026a9cbcc040 WorkerThread "GC Thread#0" [stack: 0x0000007615200000,0x0000007615300000] [id=24872]
  0x0000026a9cbde290 ConcurrentGCThread "G1 Main Marker" [stack: 0x0000007615300000,0x0000007615400000] [id=13556]
  0x0000026a9cbdf3a0 WorkerThread "G1 Conc#0" [stack: 0x0000007615400000,0x0000007615500000] [id=31104]

[error occurred during error reporting (printing all threads), id 0xc0000005, EXCEPTION_ACCESS_VIOLATION (0xc0000005) at pc=0x00007ffc856ba217]

VM state: not at safepoint (not fully initialized)

VM Mutex/Monitor currently owned by a thread:  ([mutex/lock_event])
[0x0000026a9cb699e0] Heap_lock - owner thread: 0x0000026a9cb6d200

Heap address: 0x0000000082800000, size: 2008 MB, Compressed Oops mode: 32-bit

CDS archive(s) mapped at: [0x0000000000000000-0x0000000000000000-0x0000000000000000), size 0, SharedBaseAddress: 0x0000000800000000, ArchiveRelocationMode: 0.
Narrow klass base: 0x0000000000000000, Narrow klass shift: 0, Narrow klass range: 0x0

GC Precious Log:
 CardTable entry size: 512
 Card Set container configuration: InlinePtr #cards 5 size 8 Array Of Cards #cards 12 size 40 Howl #buckets 4 coarsen threshold 1843 Howl Bitmap #cards 512 size 80 coarsen threshold 460 Card regions per heap region 1 cards per card region 2048

Heap:
 garbage-first heap   total 0K, used 0K [0x0000000082800000, 0x0000000100000000)
  region size 1024K, 0 young (0K), 0 survivors (0K)

[error occurred during error reporting (printing heap information), id 0xc0000005, EXCEPTION_ACCESS_VIOLATION (0xc0000005) at pc=0x00007ffc85aa0cb9]

GC Heap History (0 events):
No events

Deoptimization events (0 events):
No events

Classes loaded (0 events):
No events

Classes unloaded (0 events):
No events

Classes redefined (0 events):
No events

Internal exceptions (0 events):
No events

VM Operations (0 events):
No events

Events (1 events):
Event: 0.008 Loaded shared library C:\Program Files\Java\jdk-18.0.1.1\bin\java.dll


Dynamic libraries:
0x00007ff6cba40000 - 0x00007ff6cba50000 	C:\Program Files\Java\jdk-18.0.1.1\bin\javaw.exe
0x00007ffce1830000 - 0x00007ffce1a44000 	C:\WINDOWS\SYSTEM32\ntdll.dll
0x00007ffce0d30000 - 0x00007ffce0df2000 	C:\WINDOWS\System32\KERNEL32.DLL
0x00007ffcdee50000 - 0x00007ffcdf1f3000 	C:\WINDOWS\System32\KERNELBASE.dll
0x00007ffcdf480000 - 0x00007ffcdf591000 	C:\WINDOWS\System32\ucrtbase.dll
0x00007ffcd5400000 - 0x00007ffcd541a000 	C:\Program Files\Java\jdk-18.0.1.1\bin\VCRUNTIME140.dll
0x00007ffcd5490000 - 0x00007ffcd54a8000 	C:\Program Files\Java\jdk-18.0.1.1\bin\jli.dll
0x00007ffce1740000 - 0x00007ffce17ee000 	C:\WINDOWS\System32\ADVAPI32.dll
0x00007ffce1370000 - 0x00007ffce1417000 	C:\WINDOWS\System32\msvcrt.dll
0x00007ffce1690000 - 0x00007ffce1734000 	C:\WINDOWS\System32\sechost.dll
0x00007ffce10e0000 - 0x00007ffce11f7000 	C:\WINDOWS\System32\RPCRT4.dll
0x00007ffce0e00000 - 0x00007ffce0fab000 	C:\WINDOWS\System32\USER32.dll
0x00007ffcc3b50000 - 0x00007ffcc3dde000 	C:\WINDOWS\WinSxS\amd64_microsoft.windows.common-controls_6595b64144ccf1df_6.0.22621.1635_none_270f70857386168e\COMCTL32.dll
0x00007ffcdec30000 - 0x00007ffcdec56000 	C:\WINDOWS\System32\win32u.dll
0x00007ffcdfc80000 - 0x00007ffcdfca9000 	C:\WINDOWS\System32\GDI32.dll
0x00007ffcdf200000 - 0x00007ffcdf319000 	C:\WINDOWS\System32\gdi32full.dll
0x00007ffcdf3e0000 - 0x00007ffcdf47a000 	C:\WINDOWS\System32\msvcp_win.dll
0x00007ffcd3000000 - 0x00007ffcd300a000 	C:\WINDOWS\SYSTEM32\VERSION.dll
0x00007ffce0cf0000 - 0x00007ffce0d21000 	C:\WINDOWS\System32\IMM32.DLL
0x00007ffcd9160000 - 0x00007ffcd916c000 	C:\Program Files\Java\jdk-18.0.1.1\bin\vcruntime140_1.dll
0x00007ffcc6c90000 - 0x00007ffcc6d1d000 	C:\Program Files\Java\jdk-18.0.1.1\bin\msvcp140.dll
0x00007ffc853b0000 - 0x00007ffc85fc0000 	C:\Program Files\Java\jdk-18.0.1.1\bin\server\jvm.dll
0x00007ffce1680000 - 0x00007ffce1688000 	C:\WINDOWS\System32\PSAPI.DLL
0x00007ffcc8a90000 - 0x00007ffcc8a99000 	C:\WINDOWS\SYSTEM32\WSOCK32.dll
0x00007ffcd32c0000 - 0x00007ffcd32f4000 	C:\WINDOWS\SYSTEM32\WINMM.dll
0x00007ffce0fb0000 - 0x00007ffce1021000 	C:\WINDOWS\System32\WS2_32.dll
0x00007ffcddc80000 - 0x00007ffcddc98000 	C:\WINDOWS\SYSTEM32\kernel.appcore.dll
0x00007ffcd55d0000 - 0x00007ffcd55da000 	C:\Program Files\Java\jdk-18.0.1.1\bin\jimage.dll
0x00007ffcdc610000 - 0x00007ffcdc83e000 	C:\WINDOWS\SYSTEM32\DBGHELP.DLL
0x00007ffcdfe60000 - 0x00007ffce01e9000 	C:\WINDOWS\System32\combase.dll
0x00007ffcdf610000 - 0x00007ffcdf6e7000 	C:\WINDOWS\System32\OLEAUT32.dll
0x00007ffcc33d0000 - 0x00007ffcc3402000 	C:\WINDOWS\SYSTEM32\dbgcore.DLL
0x00007ffcdec60000 - 0x00007ffcdecdb000 	C:\WINDOWS\System32\bcryptPrimitives.dll
0x00007ffccad60000 - 0x00007ffccad85000 	C:\Program Files\Java\jdk-18.0.1.1\bin\java.dll

dbghelp: loaded successfully - version: 4.0.5 - missing functions: none
symbol engine: initialized successfully - sym options: 0x614 - pdb path: .;C:\Program Files\Java\jdk-18.0.1.1\bin;C:\WINDOWS\SYSTEM32;C:\WINDOWS\WinSxS\amd64_microsoft.windows.common-controls_6595b64144ccf1df_6.0.22621.1635_none_270f70857386168e;C:\Program Files\Java\jdk-18.0.1.1\bin\server

VM Arguments:
jvm_args: -Dfile.encoding=UTF-8 -XX:+ShowCodeDetailsInExceptionMessages 
java_command: ElectricityBillingSystem.billDetails
java_class_path (initial): C:\Users\Jayanta\git\ElectricBillingSystem\ElectricBillingSystem\bin;C:\Users\Jayanta\Downloads\mysql-connector-java-8.0.28.jar;C:\Users\Jayanta\Downloads\rs2xml.jar
Launcher Type: SUN_STANDARD

[Global flags]
     intx CICompilerCount                          = 4                                         {product} {ergonomic}
     uint ConcGCThreads                            = 2                                         {product} {ergonomic}
     uint G1ConcRefinementThreads                  = 8                                         {product} {ergonomic}
   size_t G1HeapRegionSize                         = 1048576                                   {product} {ergonomic}
    uintx GCDrainStackTargetSize                   = 64                                        {product} {ergonomic}
   size_t InitialHeapSize                          = 132120576                                 {product} {ergonomic}
   size_t MarkStackSize                            = 4194304                                   {product} {ergonomic}
   size_t MaxHeapSize                              = 2105540608                                {product} {ergonomic}
   size_t MinHeapDeltaBytes                        = 1048576                                   {product} {ergonomic}
   size_t MinHeapSize                              = 8388608                                   {product} {ergonomic}
    uintx NonNMethodCodeHeapSize                   = 5839372                                {pd product} {ergonomic}
    uintx NonProfiledCodeHeapSize                  = 122909434                              {pd product} {ergonomic}
    uintx ProfiledCodeHeapSize                     = 122909434                              {pd product} {ergonomic}
    uintx ReservedCodeCacheSize                    = 251658240                              {pd product} {ergonomic}
     bool SegmentedCodeCache                       = true                                      {product} {ergonomic}
     bool ShowCodeDetailsInExceptionMessages       = true                                   {manageable} {command line}
   size_t SoftMaxHeapSize                          = 2105540608                             {manageable} {ergonomic}
     bool UseCompressedClassPointers               = true                           {product lp64_product} {ergonomic}
     bool UseCompressedOops                        = true                           {product lp64_product} {ergonomic}
     bool UseG1GC                                  = true                                      {product} {ergonomic}
     bool UseLargePagesIndividualAllocation        = false                                  {pd product} {ergonomic}

Logging:
Log output configuration:
 #0: stdout all=warning uptime,level,tags foldmultilines=false
 #1: stderr all=off uptime,level,tags foldmultilines=false

Environment Variables:
PATH=C:\Program Files\Common Files\Oracle\Java\javapath;C:\WINDOWS\system32;C:\WINDOWS;C:\WINDOWS\System32\Wbem;C:\WINDOWS\System32\WindowsPowerShell\v1.0\;C:\WINDOWS\System32\OpenSSH\;C:\Program Files\Java\jdk-18.0.1.1\bin;C:\Program Files\Git\cmd;C:\Program Files\nodejs\;C:\ProgramData\ComposerSetup\bin;C:\xampp\php;C:\Program Files\MongoDB\Server\6.0\bin;C:\mongosh-1.6.2-win32-x64\mongosh-1.6.2-win32-x64\bin;C:\Program Files\Cloudflare\Cloudflare WARP\;C:\Users\Jayanta\AppData\Local\Microsoft\WindowsApps;C:\Users\Jayanta\AppData\Local\Programs\Microsoft VS Code\bin;C:\Users\Jayanta\AppData\Local\Programs\Hyper\resources\bin;C:\Users\Jayanta\AppData\Roaming\npm;C:\Users\Jayanta\AppData\Roaming\Composer\vendor\bin;%USERPROFILE%\AppData\Local\Microsoft\WindowsApps;
USERNAME=Jayanta
OS=Windows_NT
PROCESSOR_IDENTIFIER=Intel64 Family 6 Model 142 Stepping 12, GenuineIntel



---------------  S Y S T E M  ---------------

OS:
 Windows 11 , 64 bit Build 22621 (10.0.22621.1778)
OS uptime: 9 days 20:23 hours

CPU: total 8 (initial active 8) (4 cores per cpu, 2 threads per core) family 6 model 142 stepping 12 microcode 0xde, cx8, cmov, fxsr, ht, mmx, 3dnowpref, sse, sse2, sse3, ssse3, sse4.1, sse4.2, popcnt, lzcnt, tsc, tscinvbit, avx, avx2, aes, erms, clmul, bmi1, bmi2, adx, fma, vzeroupper, clflush, clflushopt

Memory: 4k page, system-wide physical 8028M (571M free)
TotalPageFile size 32604M (AvailPageFile size 62M)
current process WorkingSet (physical memory assigned to process): 11M, peak: 11M
current process commit charge ("private bytes"): 60M, peak: 186M

vm_info: Java HotSpot(TM) 64-Bit Server VM (18.0.1.1+2-6) for windows-amd64 JRE (18.0.1.1+2-6), built on Apr 25 2022 21:53:15 by "mach5one" with MS VC++ 16.8 / 16.9 (VS2019)

END.
